<?xml version="1.0" encoding="UTF-8"?>
<!-- Generated by org.testng.reporters.JUnitXMLReporter -->
<testsuite ignored="0" hostname="DESKTOP-V5N9R93" failures="0" tests="4" name="Test" time="10.934" errors="0" timestamp="2023-09-08T05:43:00 IST">
  <testcase classname="Day08.CreateUser" name="test_CreateUser" time="6.949"/>
  <testcase classname="Day08.GetUser" name="getUser" time="1.391"/>
  <testcase classname="Day08.UpdateUser" name="updateUser" time="1.196"/>
  <testcase classname="Day08.DeleteUser" name="deleteUser" time="1.256"/>
</testsuite> <!-- Test -->
