<?xml version="1.0" encoding="UTF-8"?>
<testng-results ignored="0" total="4" passed="4" failed="0" skipped="0">
  <reporter-output>
  </reporter-output>
  <suite started-at="2023-09-09T05:19:40 IST" name="Suite" finished-at="2023-09-09T05:19:49 IST" duration-ms="8627">
    <groups>
    </groups>
    <test started-at="2023-09-09T05:19:40 IST" name="Test01" finished-at="2023-09-09T05:19:46 IST" duration-ms="6119">
      <class name="Day08.CreateUser">
        <test-method signature="test_CreateUser(org.testng.ITestContext)[pri:0, instance:Day08.CreateUser@5a45133e]" started-at="2023-09-09T05:19:40 IST" name="test_CreateUser" finished-at="2023-09-09T05:19:46 IST" duration-ms="6008" status="PASS">
          <params>
            <param index="0">
              <value>
                <![CDATA[org.testng.TestRunner@6a4f1a55]]>
              </value>
            </param>
          </params>
          <reporter-output>
          </reporter-output>
        </test-method> <!-- test_CreateUser -->
      </class> <!-- Day08.CreateUser -->
    </test> <!-- Test01 -->
    <test started-at="2023-09-09T05:19:46 IST" name="Test02" finished-at="2023-09-09T05:19:47 IST" duration-ms="814">
      <class name="Day08.GetUser">
        <test-method signature="getUser(org.testng.ITestContext)[pri:1, instance:Day08.GetUser@74d1dc36]" started-at="2023-09-09T05:19:46 IST" name="getUser" finished-at="2023-09-09T05:19:47 IST" duration-ms="802" status="PASS">
          <params>
            <param index="0">
              <value>
                <![CDATA[org.testng.TestRunner@672d8370]]>
              </value>
            </param>
          </params>
          <reporter-output>
          </reporter-output>
        </test-method> <!-- getUser -->
      </class> <!-- Day08.GetUser -->
    </test> <!-- Test02 -->
    <test started-at="2023-09-09T05:19:47 IST" name="Test03" finished-at="2023-09-09T05:19:48 IST" duration-ms="852">
      <class name="Day08.UpdateUser">
        <test-method signature="updateUser(org.testng.ITestContext)[pri:2, instance:Day08.UpdateUser@19e4653c]" started-at="2023-09-09T05:19:47 IST" name="updateUser" finished-at="2023-09-09T05:19:48 IST" duration-ms="845" status="PASS">
          <params>
            <param index="0">
              <value>
                <![CDATA[org.testng.TestRunner@114badf0]]>
              </value>
            </param>
          </params>
          <reporter-output>
          </reporter-output>
        </test-method> <!-- updateUser -->
      </class> <!-- Day08.UpdateUser -->
    </test> <!-- Test03 -->
    <test started-at="2023-09-09T05:19:48 IST" name="Test04" finished-at="2023-09-09T05:19:49 IST" duration-ms="676">
      <class name="Day08.DeleteUser">
        <test-method signature="deleteUser(org.testng.ITestContext)[pri:3, instance:Day08.DeleteUser@548d708a]" started-at="2023-09-09T05:19:48 IST" name="deleteUser" finished-at="2023-09-09T05:19:49 IST" duration-ms="668" status="PASS">
          <params>
            <param index="0">
              <value>
                <![CDATA[org.testng.TestRunner@12d8e6b6]]>
              </value>
            </param>
          </params>
          <reporter-output>
          </reporter-output>
        </test-method> <!-- deleteUser -->
      </class> <!-- Day08.DeleteUser -->
    </test> <!-- Test04 -->
  </suite> <!-- Suite -->
</testng-results>
